<?xml version="1.0" encoding="UTF-8"?>
<!-- Generated by org.testng.reporters.JUnitReportReporter -->
<testsuite hostname="DESKTOP-6ITC22A" failures="0" tests="1" name="StreamCollect" time="0.017" errors="0" timestamp="2025-06-16T11:42:56 CEST" skipped="0">
  <testcase classname="StreamCollect" name="test" time="0.017"/>
</testsuite> <!-- StreamCollect -->
